[02-Nov-2015 13:09:55 UTC] PHP Warning: fopen() expects parameter 4 to be resource, array given in /var/www/olifant/backend/app/http/external.php on line 22
[02-Nov-2015 13:09:55 UTC] PHP Fatal error:  Class 'olifant\http\stdClass' not found in /var/www/olifant/backend/app/http/external.php on line 24
[02-Nov-2015 13:10:08 UTC] PHP Warning: fopen() expects parameter 4 to be resource, array given in /var/www/olifant/backend/app/http/external.php on line 22
[02-Nov-2015 13:10:08 UTC] PHP Notice: Undefined variable: http_response_header in /var/www/olifant/backend/app/http/external.php on line 27
[02-Nov-2015 13:10:08 UTC] PHP Warning: Invalid argument supplied for foreach() in /var/www/olifant/backend/app/http/external.php on line 27
[02-Nov-2015 13:10:08 UTC] PHP Warning: Cannot modify header information - headers already sent by (output started at /var/www/olifant/backend/app/kernel/errorhandler.php:193) in /var/www/olifant/backend/app/http/response.php on line 75
[02-Nov-2015 13:10:08 UTC] PHP Warning: Cannot modify header information - headers already sent by (output started at /var/www/olifant/backend/app/kernel/errorhandler.php:193) in /var/www/olifant/backend/app/http/response.php on line 81
[02-Nov-2015 13:10:40 UTC] PHP Warning: fopen() expects parameter 4 to be resource, array given in /var/www/olifant/backend/app/http/external.php on line 22
[02-Nov-2015 13:10:40 UTC] PHP Notice: Undefined variable: http_response_header in /var/www/olifant/backend/app/http/external.php on line 24
[02-Nov-2015 13:10:40 UTC] PHP Notice: Undefined variable: http_response_header in /var/www/olifant/backend/app/http/external.php on line 29
[02-Nov-2015 13:10:40 UTC] PHP Warning: Invalid argument supplied for foreach() in /var/www/olifant/backend/app/http/external.php on line 29
[02-Nov-2015 13:10:40 UTC] PHP Warning: Cannot modify header information - headers already sent by (output started at /var/www/olifant/backend/app/kernel/errorhandler.php:193) in /var/www/olifant/backend/app/http/response.php on line 75
[02-Nov-2015 13:10:40 UTC] PHP Warning: Cannot modify header information - headers already sent by (output started at /var/www/olifant/backend/app/kernel/errorhandler.php:193) in /var/www/olifant/backend/app/http/response.php on line 81
[02-Nov-2015 13:11:05 UTC] PHP Warning: fopen() expects parameter 4 to be resource, array given in /var/www/olifant/backend/app/http/external.php on line 22
[02-Nov-2015 13:11:05 UTC] PHP Notice: Undefined variable: http_response_header in /var/www/olifant/backend/app/http/external.php on line 24
[02-Nov-2015 13:11:05 UTC] PHP Notice: Undefined variable: http_response_header in /var/www/olifant/backend/app/http/external.php on line 29
[02-Nov-2015 13:11:05 UTC] PHP Warning: Invalid argument supplied for foreach() in /var/www/olifant/backend/app/http/external.php on line 29
[02-Nov-2015 13:11:05 UTC] PHP Warning: Cannot modify header information - headers already sent by (output started at /var/www/olifant/backend/app/kernel/errorhandler.php:193) in /var/www/olifant/backend/app/http/response.php on line 75
[02-Nov-2015 13:11:05 UTC] PHP Warning: Cannot modify header information - headers already sent by (output started at /var/www/olifant/backend/app/kernel/errorhandler.php:193) in /var/www/olifant/backend/app/http/response.php on line 81
[02-Nov-2015 13:12:05 UTC] PHP Warning: explode() expects at least 2 parameters, 1 given in /var/www/olifant/backend/app/http/external.php on line 33
[02-Nov-2015 13:12:05 UTC] PHP Warning: Cannot modify header information - headers already sent by (output started at /var/www/olifant/backend/app/kernel/errorhandler.php:193) in /var/www/olifant/backend/app/http/response.php on line 75
[02-Nov-2015 13:12:05 UTC] PHP Warning: Cannot modify header information - headers already sent by (output started at /var/www/olifant/backend/app/kernel/errorhandler.php:193) in /var/www/olifant/backend/app/http/response.php on line 81
[02-Nov-2015 13:12:13 UTC] PHP Warning: explode() expects at least 2 parameters, 1 given in /var/www/olifant/backend/app/http/external.php on line 33
[02-Nov-2015 13:12:13 UTC] PHP Warning: Cannot modify header information - headers already sent by (output started at /var/www/olifant/backend/app/kernel/errorhandler.php:193) in /var/www/olifant/backend/app/http/response.php on line 75
[02-Nov-2015 13:12:13 UTC] PHP Warning: Cannot modify header information - headers already sent by (output started at /var/www/olifant/backend/app/kernel/errorhandler.php:193) in /var/www/olifant/backend/app/http/response.php on line 81
[02-Nov-2015 13:12:42 UTC] PHP Warning: explode() expects at least 2 parameters, 1 given in /var/www/olifant/backend/app/http/external.php on line 31
[02-Nov-2015 13:12:42 UTC] PHP Warning: Cannot modify header information - headers already sent by (output started at /var/www/olifant/backend/app/kernel/errorhandler.php:193) in /var/www/olifant/backend/app/http/response.php on line 75
[02-Nov-2015 13:12:42 UTC] PHP Warning: Cannot modify header information - headers already sent by (output started at /var/www/olifant/backend/app/kernel/errorhandler.php:193) in /var/www/olifant/backend/app/http/response.php on line 81
[02-Nov-2015 13:41:34 UTC] PHP Notice: Undefined variable: stream in /var/www/olifant/backend/app/http/external.php on line 93
[02-Nov-2015 13:41:34 UTC] PHP Fatal error:  Cannot access empty property in /var/www/olifant/backend/app/http/external.php on line 93
[02-Nov-2015 13:41:48 UTC] PHP Notice: Undefined variable: stream in /var/www/olifant/backend/app/http/external.php on line 93
[02-Nov-2015 13:41:48 UTC] PHP Fatal error:  Cannot access empty property in /var/www/olifant/backend/app/http/external.php on line 93
[02-Nov-2015 13:42:18 UTC] PHP Notice: Undefined variable: stream in /var/www/olifant/backend/app/http/external.php on line 93
[02-Nov-2015 13:42:18 UTC] PHP Fatal error:  Cannot access empty property in /var/www/olifant/backend/app/http/external.php on line 93
[02-Nov-2015 13:43:42 UTC] PHP Fatal error:  Call to undefined method olifant\http\External::getHaeders() in /var/www/olifant/backend/controller/index.php on line 19
[02-Nov-2015 13:45:17 UTC] PHP Warning: rewind(): stream does not support seeking in /var/www/olifant/backend/app/http/external.php on line 75
[02-Nov-2015 13:45:17 UTC] PHP Warning: Cannot modify header information - headers already sent by (output started at /var/www/olifant/backend/app/kernel/errorhandler.php:193) in /var/www/olifant/backend/app/http/response.php on line 75
[02-Nov-2015 13:45:17 UTC] PHP Warning: Cannot modify header information - headers already sent by (output started at /var/www/olifant/backend/app/kernel/errorhandler.php:193) in /var/www/olifant/backend/app/http/response.php on line 81
[02-Nov-2015 13:45:58 UTC] PHP Warning: rewind(): stream does not support seeking in /var/www/olifant/backend/app/http/external.php on line 75
[02-Nov-2015 13:45:58 UTC] PHP Warning: Cannot modify header information - headers already sent by (output started at /var/www/olifant/backend/app/kernel/errorhandler.php:193) in /var/www/olifant/backend/app/http/response.php on line 75
[02-Nov-2015 13:45:58 UTC] PHP Warning: Cannot modify header information - headers already sent by (output started at /var/www/olifant/backend/app/kernel/errorhandler.php:193) in /var/www/olifant/backend/app/http/response.php on line 81
[02-Nov-2015 13:50:23 UTC] PHP Warning: fseek(): stream does not support seeking in /var/www/olifant/backend/app/http/external.php on line 74
[02-Nov-2015 13:50:23 UTC] PHP Warning: fseek(): stream does not support seeking in /var/www/olifant/backend/app/http/external.php on line 74
[02-Nov-2015 13:50:23 UTC] PHP Warning: Cannot modify header information - headers already sent by (output started at /var/www/olifant/backend/app/kernel/errorhandler.php:193) in /var/www/olifant/backend/app/http/response.php on line 75
[02-Nov-2015 13:50:23 UTC] PHP Warning: Cannot modify header information - headers already sent by (output started at /var/www/olifant/backend/app/kernel/errorhandler.php:193) in /var/www/olifant/backend/app/http/response.php on line 81
[02-Nov-2015 14:01:23 UTC] PHP Warning: fopen(/var/www/olifant/frontend/cache.jpg): failed to open stream: Permission denied in /var/www/olifant/backend/app/http/external.php on line 84
[02-Nov-2015 14:01:23 UTC] PHP Warning: stream_copy_to_stream() expects parameter 2 to be resource, boolean given in /var/www/olifant/backend/app/http/external.php on line 89
[02-Nov-2015 14:01:23 UTC] PHP Warning: Cannot modify header information - headers already sent by (output started at /var/www/olifant/backend/app/kernel/errorhandler.php:193) in /var/www/olifant/backend/app/http/response.php on line 75
[02-Nov-2015 14:01:23 UTC] PHP Warning: Cannot modify header information - headers already sent by (output started at /var/www/olifant/backend/app/kernel/errorhandler.php:193) in /var/www/olifant/backend/app/http/response.php on line 81
[02-Nov-2015 14:01:45 UTC] PHP Warning: fopen(/var/www/olifant/frontend/cache.jpg): failed to open stream: Permission denied in /var/www/olifant/backend/app/http/external.php on line 84
[02-Nov-2015 14:01:45 UTC] PHP Warning: stream_copy_to_stream() expects parameter 2 to be resource, boolean given in /var/www/olifant/backend/app/http/external.php on line 89
[02-Nov-2015 14:01:45 UTC] PHP Warning: Cannot modify header information - headers already sent by (output started at /var/www/olifant/backend/app/kernel/errorhandler.php:193) in /var/www/olifant/backend/app/http/response.php on line 75
[02-Nov-2015 14:01:45 UTC] PHP Warning: Cannot modify header information - headers already sent by (output started at /var/www/olifant/backend/app/kernel/errorhandler.php:193) in /var/www/olifant/backend/app/http/response.php on line 81
[02-Nov-2015 14:02:18 UTC] PHP Warning: fopen(/var/www/olifant/frontend/cache.jpg): failed to open stream: Permission denied in /var/www/olifant/backend/app/http/external.php on line 84
[02-Nov-2015 14:02:18 UTC] PHP Warning: stream_copy_to_stream() expects parameter 2 to be resource, boolean given in /var/www/olifant/backend/app/http/external.php on line 89
[02-Nov-2015 14:02:18 UTC] PHP Warning: Cannot modify header information - headers already sent by (output started at /var/www/olifant/backend/app/kernel/errorhandler.php:193) in /var/www/olifant/backend/app/http/response.php on line 75
[02-Nov-2015 14:02:18 UTC] PHP Warning: Cannot modify header information - headers already sent by (output started at /var/www/olifant/backend/app/kernel/errorhandler.php:193) in /var/www/olifant/backend/app/http/response.php on line 81
[02-Nov-2015 14:05:32 UTC] PHP Warning: fopen(/var/www/olifant/frontend/cache.jpg): failed to open stream: Permission denied in /var/www/olifant/backend/app/http/external.php on line 84
[02-Nov-2015 14:05:32 UTC] PHP Warning: stream_copy_to_stream() expects parameter 2 to be resource, boolean given in /var/www/olifant/backend/app/http/external.php on line 89
[02-Nov-2015 14:05:33 UTC] PHP Warning: Cannot modify header information - headers already sent by (output started at /var/www/olifant/backend/app/kernel/errorhandler.php:193) in /var/www/olifant/backend/app/http/response.php on line 75
[02-Nov-2015 14:05:34 UTC] PHP Warning: Cannot modify header information - headers already sent by (output started at /var/www/olifant/backend/app/kernel/errorhandler.php:193) in /var/www/olifant/backend/app/http/response.php on line 81
[02-Nov-2015 14:15:04 UTC] PHP Warning: fopen(http://the-analist.info/ape/200325-H-224.jpgjpg): failed to open stream: HTTP request failed! HTTP/1.1 404 Not Found
 in /var/www/olifant/backend/app/http/external.php on line 30
[02-Nov-2015 14:15:12 UTC] PHP Warning: fopen(http://the-analist.info/ape/200325-H-224.jpgjpg): failed to open stream: HTTP request failed! HTTP/1.1 404 Not Found
 in /var/www/olifant/backend/app/http/external.php on line 30
[02-Nov-2015 14:15:40 UTC] PHP Warning: fopen(http://the-analist.info/ape/200325-H-224.jpgjpg): failed to open stream: HTTP request failed! HTTP/1.1 404 Not Found
 in /var/www/olifant/backend/app/http/external.php on line 30
[02-Nov-2015 14:16:02 UTC] PHP Warning: fopen(http://the-analist.info/ape/200325-H-224.jpgjpg): failed to open stream: HTTP request failed! HTTP/1.1 404 Not Found
 in /var/www/olifant/backend/app/http/external.php on line 30
[03-Nov-2015 09:22:09 UTC] PHP Warning: Attempt to assign property of non-object in /var/www/olifant/backend/app/http/external.php on line 22
[03-Nov-2015 09:22:09 UTC] PHP Notice: Undefined index: method in /var/www/olifant/backend/app/http/external.php on line 28
[03-Nov-2015 09:22:30 UTC] PHP Warning: fopen(): php_network_getaddresses: getaddrinfo failed: Name or service not known in /var/www/olifant/backend/app/http/external.php on line 36
[03-Nov-2015 09:22:30 UTC] PHP Warning: fopen(http://the-analist.info/ape/200325-H-224.jpg): failed to open stream: php_network_getaddresses: getaddrinfo failed: Name or service not known in /var/www/olifant/backend/app/http/external.php on line 36
[03-Nov-2015 09:22:30 UTC] PHP Notice: Undefined variable: http_response_header in /var/www/olifant/backend/app/http/external.php on line 38
[03-Nov-2015 09:22:30 UTC] PHP Warning: Invalid argument supplied for foreach() in /var/www/olifant/backend/app/http/external.php on line 38
[03-Nov-2015 09:22:30 UTC] PHP Notice: Undefined index: Content-Type in /var/www/olifant/backend/controller/index.php on line 21
[03-Nov-2015 09:22:30 UTC] PHP Warning: fopen(/var/www/olifant/frontend/cache.jpg): failed to open stream: Permission denied in /var/www/olifant/backend/app/http/external.php on line 90
[03-Nov-2015 09:22:30 UTC] PHP Warning: flock() expects parameter 1 to be resource, boolean given in /var/www/olifant/backend/app/http/external.php on line 96
[03-Nov-2015 09:22:40 UTC] PHP Warning: stream_copy_to_stream() expects parameter 1 to be resource, boolean given in /var/www/olifant/backend/app/http/external.php on line 98
[03-Nov-2015 09:22:40 UTC] PHP Warning: flock() expects parameter 1 to be resource, boolean given in /var/www/olifant/backend/app/http/external.php on line 99
[03-Nov-2015 09:22:40 UTC] PHP Warning: fclose() expects parameter 1 to be resource, boolean given in /var/www/olifant/backend/app/http/external.php on line 100
[03-Nov-2015 09:22:40 UTC] PHP Warning: Cannot modify header information - headers already sent by (output started at /var/www/olifant/backend/app/kernel/errorhandler.php:193) in /var/www/olifant/backend/app/http/response.php on line 75
[03-Nov-2015 09:22:40 UTC] PHP Warning: Cannot modify header information - headers already sent by (output started at /var/www/olifant/backend/app/kernel/errorhandler.php:193) in /var/www/olifant/backend/app/http/response.php on line 79
[03-Nov-2015 09:23:14 UTC] PHP Warning: Attempt to assign property of non-object in /var/www/olifant/backend/app/http/external.php on line 22
[03-Nov-2015 09:23:14 UTC] PHP Notice: Undefined index: method in /var/www/olifant/backend/app/http/external.php on line 28
[03-Nov-2015 09:23:15 UTC] PHP Warning: fopen(/var/www/olifant/frontend/cache.jpg): failed to open stream: Permission denied in /var/www/olifant/backend/app/http/external.php on line 90
[03-Nov-2015 09:23:15 UTC] PHP Warning: flock() expects parameter 1 to be resource, boolean given in /var/www/olifant/backend/app/http/external.php on line 96
[03-Nov-2015 09:23:25 UTC] PHP Warning: stream_copy_to_stream() expects parameter 2 to be resource, boolean given in /var/www/olifant/backend/app/http/external.php on line 98
[03-Nov-2015 09:23:25 UTC] PHP Warning: flock() expects parameter 1 to be resource, boolean given in /var/www/olifant/backend/app/http/external.php on line 99
[03-Nov-2015 09:23:25 UTC] PHP Warning: fclose() expects parameter 1 to be resource, boolean given in /var/www/olifant/backend/app/http/external.php on line 100
[03-Nov-2015 09:23:25 UTC] PHP Warning: Cannot modify header information - headers already sent by (output started at /var/www/olifant/backend/app/kernel/errorhandler.php:193) in /var/www/olifant/backend/app/http/response.php on line 75
[03-Nov-2015 09:23:25 UTC] PHP Warning: Cannot modify header information - headers already sent by (output started at /var/www/olifant/backend/app/kernel/errorhandler.php:193) in /var/www/olifant/backend/app/http/response.php on line 81
[03-Nov-2015 09:23:36 UTC] PHP Warning: Attempt to assign property of non-object in /var/www/olifant/backend/app/http/external.php on line 22
[03-Nov-2015 09:23:36 UTC] PHP Notice: Undefined index: method in /var/www/olifant/backend/app/http/external.php on line 28
[03-Nov-2015 09:23:36 UTC] PHP Warning: fopen(/var/www/olifant/frontend/cache.jpg): failed to open stream: Permission denied in /var/www/olifant/backend/app/http/external.php on line 90
[03-Nov-2015 09:23:36 UTC] PHP Warning: flock() expects parameter 1 to be resource, boolean given in /var/www/olifant/backend/app/http/external.php on line 96
[03-Nov-2015 09:23:46 UTC] PHP Warning: stream_copy_to_stream() expects parameter 2 to be resource, boolean given in /var/www/olifant/backend/app/http/external.php on line 98
[03-Nov-2015 09:23:46 UTC] PHP Warning: flock() expects parameter 1 to be resource, boolean given in /var/www/olifant/backend/app/http/external.php on line 99
[03-Nov-2015 09:23:46 UTC] PHP Warning: fclose() expects parameter 1 to be resource, boolean given in /var/www/olifant/backend/app/http/external.php on line 100
[03-Nov-2015 09:23:46 UTC] PHP Warning: Cannot modify header information - headers already sent by (output started at /var/www/olifant/backend/app/kernel/errorhandler.php:193) in /var/www/olifant/backend/app/http/response.php on line 75
[03-Nov-2015 09:23:46 UTC] PHP Warning: Cannot modify header information - headers already sent by (output started at /var/www/olifant/backend/app/kernel/errorhandler.php:193) in /var/www/olifant/backend/app/http/response.php on line 81
[03-Nov-2015 09:28:03 UTC] PHP Warning: fopen(/var/www/olifant/frontend/cache.jpg): failed to open stream: Permission denied in /var/www/olifant/backend/app/http/external.php on line 90
[03-Nov-2015 09:28:03 UTC] PHP Warning: flock() expects parameter 1 to be resource, boolean given in /var/www/olifant/backend/app/http/external.php on line 96
[03-Nov-2015 09:28:13 UTC] PHP Warning: stream_copy_to_stream() expects parameter 2 to be resource, boolean given in /var/www/olifant/backend/app/http/external.php on line 98
[03-Nov-2015 09:28:13 UTC] PHP Warning: flock() expects parameter 1 to be resource, boolean given in /var/www/olifant/backend/app/http/external.php on line 99
[03-Nov-2015 09:28:13 UTC] PHP Warning: fclose() expects parameter 1 to be resource, boolean given in /var/www/olifant/backend/app/http/external.php on line 100
[03-Nov-2015 09:28:13 UTC] PHP Warning: Cannot modify header information - headers already sent by (output started at /var/www/olifant/backend/app/kernel/errorhandler.php:193) in /var/www/olifant/backend/app/http/response.php on line 75
[03-Nov-2015 09:28:13 UTC] PHP Warning: Cannot modify header information - headers already sent by (output started at /var/www/olifant/backend/app/kernel/errorhandler.php:193) in /var/www/olifant/backend/app/http/response.php on line 81
[03-Nov-2015 09:29:07 UTC] PHP Warning: fopen(/var/www/olifant/frontend/cache.jpg): failed to open stream: Permission denied in /var/www/olifant/backend/app/http/external.php on line 90
[03-Nov-2015 09:29:07 UTC] PHP Warning: flock() expects parameter 1 to be resource, boolean given in /var/www/olifant/backend/app/http/external.php on line 96
[03-Nov-2015 09:29:17 UTC] PHP Warning: stream_copy_to_stream() expects parameter 2 to be resource, boolean given in /var/www/olifant/backend/app/http/external.php on line 98
[03-Nov-2015 09:29:17 UTC] PHP Warning: flock() expects parameter 1 to be resource, boolean given in /var/www/olifant/backend/app/http/external.php on line 99
[03-Nov-2015 09:29:17 UTC] PHP Warning: fclose() expects parameter 1 to be resource, boolean given in /var/www/olifant/backend/app/http/external.php on line 100
[03-Nov-2015 09:29:17 UTC] PHP Warning: Cannot modify header information - headers already sent by (output started at /var/www/olifant/backend/app/kernel/errorhandler.php:193) in /var/www/olifant/backend/app/http/response.php on line 75
[03-Nov-2015 09:29:17 UTC] PHP Warning: Cannot modify header information - headers already sent by (output started at /var/www/olifant/backend/app/kernel/errorhandler.php:193) in /var/www/olifant/backend/app/http/response.php on line 81
[03-Nov-2015 09:32:59 UTC] PHP Warning: fopen(/var/www/olifant/frontend/cache.jpg): failed to open stream: Permission denied in /var/www/olifant/backend/app/http/external.php on line 90
[03-Nov-2015 09:32:59 UTC] PHP Fatal error:  Class 'olifant\http\AppExcepion' not found in /var/www/olifant/backend/app/http/external.php on line 93
[03-Nov-2015 09:37:03 UTC] PHP Warning: fopen(/var/www/olifant/frontend/cache.jpg): failed to open stream: Permission denied in /var/www/olifant/backend/app/http/external.php on line 90
[03-Nov-2015 09:37:03 UTC] PHP Exception
olifant\exceptions\AppException: [0]: Can' access file /var/www/olifant/frontend/cache.jpg
[04-Nov-2015 08:30:52 UTC] PHP Parse error:  syntax error, unexpected '}' in /var/www/olifant/backend/app/http/external.php on line 80
[04-Nov-2015 08:31:10 UTC] PHP Notice: Undefined offset: 1 in /var/www/olifant/backend/app/http/external.php on line 53
[04-Nov-2015 08:31:10 UTC] PHP Notice: Undefined variable: data in /var/www/olifant/backend/app/http/external.php on line 55
[04-Nov-2015 08:31:11 UTC] PHP Notice: fopen(): Content-type not specified assuming application/x-www-form-urlencoded in /var/www/olifant/backend/app/http/external.php on line 104
[04-Nov-2015 08:31:14 UTC] PHP Warning: Cannot modify header information - headers already sent by (output started at /var/www/olifant/backend/app/kernel/errorhandler.php:193) in /var/www/olifant/backend/app/http/response.php on line 75
[04-Nov-2015 08:31:14 UTC] PHP Warning: Cannot modify header information - headers already sent by (output started at /var/www/olifant/backend/app/kernel/errorhandler.php:193) in /var/www/olifant/backend/app/http/response.php on line 81
[04-Nov-2015 08:32:05 UTC] PHP Notice: Undefined offset: 1 in /var/www/olifant/backend/app/http/external.php on line 53
[04-Nov-2015 08:32:05 UTC] PHP Notice: Undefined variable: data in /var/www/olifant/backend/app/http/external.php on line 55
[04-Nov-2015 08:32:05 UTC] PHP Notice: fopen(): Content-type not specified assuming application/x-www-form-urlencoded in /var/www/olifant/backend/app/http/external.php on line 104
[04-Nov-2015 08:32:08 UTC] PHP Warning: Cannot modify header information - headers already sent by (output started at /var/www/olifant/backend/app/kernel/errorhandler.php:193) in /var/www/olifant/backend/app/http/response.php on line 75
[04-Nov-2015 08:32:08 UTC] PHP Warning: Cannot modify header information - headers already sent by (output started at /var/www/olifant/backend/app/kernel/errorhandler.php:193) in /var/www/olifant/backend/app/http/response.php on line 81
[04-Nov-2015 08:33:20 UTC] PHP Warning: strlen() expects parameter 1 to be string, array given in /var/www/olifant/backend/app/http/external.php on line 72
[04-Nov-2015 08:33:24 UTC] PHP Warning: Cannot modify header information - headers already sent by (output started at /var/www/olifant/backend/app/kernel/errorhandler.php:193) in /var/www/olifant/backend/app/http/response.php on line 75
[04-Nov-2015 08:33:24 UTC] PHP Warning: Cannot modify header information - headers already sent by (output started at /var/www/olifant/backend/app/kernel/errorhandler.php:193) in /var/www/olifant/backend/app/http/response.php on line 81
[04-Nov-2015 08:38:42 UTC] PHP Notice: Undefined variable: data in /var/www/olifant/backend/app/http/external.php on line 56
[04-Nov-2015 08:38:42 UTC] PHP Notice: fopen(): Content-type not specified assuming application/x-www-form-urlencoded in /var/www/olifant/backend/app/http/external.php on line 108
[04-Nov-2015 08:38:45 UTC] PHP Warning: Cannot modify header information - headers already sent by (output started at /var/www/olifant/backend/app/kernel/errorhandler.php:193) in /var/www/olifant/backend/app/http/response.php on line 75
[04-Nov-2015 08:38:45 UTC] PHP Warning: Cannot modify header information - headers already sent by (output started at /var/www/olifant/backend/app/kernel/errorhandler.php:193) in /var/www/olifant/backend/app/http/response.php on line 81
[04-Nov-2015 08:39:57 UTC] PHP Notice: fopen(): Content-type not specified assuming application/x-www-form-urlencoded in /var/www/olifant/backend/app/http/external.php on line 108
[04-Nov-2015 08:40:15 UTC] PHP Notice: fopen(): Content-type not specified assuming application/x-www-form-urlencoded in /var/www/olifant/backend/app/http/external.php on line 108
[04-Nov-2015 09:25:16 UTC] PHP Notice: Undefined index: PHP_INPUT in /var/www/olifant/backend/app/http/requestbuilder.php on line 145
[04-Nov-2015 09:25:16 UTC] PHP Warning: Cannot modify header information - headers already sent by (output started at /var/www/olifant/backend/app/kernel/errorhandler.php:193) in /var/www/olifant/backend/app/http/response.php on line 75
[04-Nov-2015 09:25:34 UTC] PHP Notice: Undefined index: PHP_INPUT in /var/www/olifant/backend/app/http/requestbuilder.php on line 145
[04-Nov-2015 09:25:34 UTC] PHP Warning: Cannot modify header information - headers already sent by (output started at /var/www/olifant/backend/app/kernel/errorhandler.php:193) in /var/www/olifant/backend/app/http/response.php on line 75
[04-Nov-2015 09:27:11 UTC] PHP Warning: strlen() expects parameter 1 to be string, array given in /var/www/olifant/backend/app/http/external.php on line 83
[04-Nov-2015 09:27:11 UTC] PHP Warning: Cannot modify header information - headers already sent by (output started at /var/www/olifant/backend/app/kernel/errorhandler.php:193) in /var/www/olifant/backend/app/http/response.php on line 75
[04-Nov-2015 09:30:27 UTC] PHP Warning: Illegal string offset 'name' in /var/www/olifant/backend/app/http/external.php on line 76
[04-Nov-2015 09:30:27 UTC] PHP Warning: Illegal string offset 'path' in /var/www/olifant/backend/app/http/external.php on line 76
[04-Nov-2015 09:30:27 UTC] PHP Warning: Illegal string offset 'path' in /var/www/olifant/backend/app/http/external.php on line 78
[04-Nov-2015 09:30:27 UTC] PHP Warning: file_get_contents(u): failed to open stream: No such file or directory in /var/www/olifant/backend/app/http/external.php on line 78
[04-Nov-2015 09:30:27 UTC] PHP Warning: Illegal string offset 'name' in /var/www/olifant/backend/app/http/external.php on line 76
[04-Nov-2015 09:30:27 UTC] PHP Warning: Illegal string offset 'path' in /var/www/olifant/backend/app/http/external.php on line 76
[04-Nov-2015 09:30:27 UTC] PHP Warning: Illegal string offset 'path' in /var/www/olifant/backend/app/http/external.php on line 78
[04-Nov-2015 09:30:27 UTC] PHP Warning: file_get_contents(): open_basedir restriction in effect. File(/) is not within the allowed path(s): (/var/www/olifant/backend:/var/www/olifant/backend/../frontend:/var/www/olifant/backend/../storage) in /var/www/olifant/backend/app/http/external.php on line 78
[04-Nov-2015 09:30:27 UTC] PHP Warning: file_get_contents(/): failed to open stream: Operation not permitted in /var/www/olifant/backend/app/http/external.php on line 78
[04-Nov-2015 09:30:27 UTC] PHP Warning: Cannot modify header information - headers already sent by (output started at /var/www/olifant/backend/app/kernel/errorhandler.php:193) in /var/www/olifant/backend/app/http/response.php on line 75
[04-Nov-2015 09:30:43 UTC] PHP Warning: Illegal string offset 'name' in /var/www/olifant/backend/app/http/external.php on line 76
[04-Nov-2015 09:30:43 UTC] PHP Warning: Illegal string offset 'path' in /var/www/olifant/backend/app/http/external.php on line 76
[04-Nov-2015 09:30:43 UTC] PHP Warning: Illegal string offset 'path' in /var/www/olifant/backend/app/http/external.php on line 78
[04-Nov-2015 09:30:43 UTC] PHP Warning: file_get_contents(u): failed to open stream: No such file or directory in /var/www/olifant/backend/app/http/external.php on line 78
[04-Nov-2015 09:30:43 UTC] PHP Warning: Illegal string offset 'name' in /var/www/olifant/backend/app/http/external.php on line 76
[04-Nov-2015 09:30:43 UTC] PHP Warning: Illegal string offset 'path' in /var/www/olifant/backend/app/http/external.php on line 76
[04-Nov-2015 09:30:43 UTC] PHP Warning: Illegal string offset 'path' in /var/www/olifant/backend/app/http/external.php on line 78
[04-Nov-2015 09:30:44 UTC] PHP Warning: file_get_contents(): open_basedir restriction in effect. File(/) is not within the allowed path(s): (/var/www/olifant/backend:/var/www/olifant/backend/../frontend:/var/www/olifant/backend/../storage) in /var/www/olifant/backend/app/http/external.php on line 78
[04-Nov-2015 09:30:44 UTC] PHP Warning: file_get_contents(/): failed to open stream: Operation not permitted in /var/www/olifant/backend/app/http/external.php on line 78
[04-Nov-2015 09:30:44 UTC] PHP Warning: Cannot modify header information - headers already sent by (output started at /var/www/olifant/backend/app/kernel/errorhandler.php:193) in /var/www/olifant/backend/app/http/response.php on line 75
[04-Nov-2015 09:32:43 UTC] PHP Notice: fopen(): Content-type not specified assuming application/x-www-form-urlencoded in /var/www/olifant/backend/app/http/external.php on line 117
[04-Nov-2015 09:32:43 UTC] PHP Warning: Cannot modify header information - headers already sent by (output started at /var/www/olifant/backend/controller/index.php:53) in /var/www/olifant/backend/app/http/response.php on line 75
[04-Nov-2015 09:33:08 UTC] PHP Notice: fopen(): Content-type not specified assuming application/x-www-form-urlencoded in /var/www/olifant/backend/app/http/external.php on line 117
[04-Nov-2015 09:33:08 UTC] PHP Warning: Cannot modify header information - headers already sent by (output started at /var/www/olifant/backend/controller/index.php:53) in /var/www/olifant/backend/app/http/response.php on line 75
[04-Nov-2015 09:33:09 UTC] PHP Notice: fopen(): Content-type not specified assuming application/x-www-form-urlencoded in /var/www/olifant/backend/app/http/external.php on line 117
[04-Nov-2015 09:33:09 UTC] PHP Warning: Cannot modify header information - headers already sent by (output started at /var/www/olifant/backend/controller/index.php:53) in /var/www/olifant/backend/app/http/response.php on line 75
[04-Nov-2015 09:34:49 UTC] PHP Notice: fopen(): Content-type not specified assuming application/x-www-form-urlencoded in /var/www/olifant/backend/app/http/external.php on line 117
[04-Nov-2015 09:34:49 UTC] PHP Warning: Cannot modify header information - headers already sent by (output started at /var/www/olifant/backend/controller/index.php:53) in /var/www/olifant/backend/app/http/response.php on line 75
[04-Nov-2015 09:36:18 UTC] PHP Notice: fopen(): Content-type not specified assuming application/x-www-form-urlencoded in /var/www/olifant/backend/app/http/external.php on line 117
[04-Nov-2015 09:36:18 UTC] PHP Warning: Cannot modify header information - headers already sent by (output started at /var/www/olifant/backend/controller/index.php:53) in /var/www/olifant/backend/app/http/response.php on line 75
[04-Nov-2015 10:48:03 UTC] PHP Notice: fopen(): Content-type not specified assuming application/x-www-form-urlencoded in /var/www/olifant/backend/app/http/external.php on line 117
[04-Nov-2015 10:48:04 UTC] PHP Warning: Cannot modify header information - headers already sent by (output started at /var/www/olifant/backend/controller/index.php:53) in /var/www/olifant/backend/app/http/response.php on line 75
[04-Nov-2015 10:49:29 UTC] PHP Notice: fopen(): Content-type not specified assuming application/x-www-form-urlencoded in /var/www/olifant/backend/app/http/external.php on line 117
[04-Nov-2015 10:49:29 UTC] PHP Warning: Cannot modify header information - headers already sent by (output started at /var/www/olifant/backend/controller/index.php:53) in /var/www/olifant/backend/app/http/response.php on line 75
[04-Nov-2015 10:50:13 UTC] PHP Warning: fclose() expects parameter 1 to be resource, null given in /var/www/olifant/backend/app/http/external.php on line 192
[04-Nov-2015 10:50:45 UTC] PHP Warning: fclose() expects parameter 1 to be resource, null given in /var/www/olifant/backend/app/http/external.php on line 190
[04-Nov-2015 10:50:51 UTC] PHP Warning: fclose() expects parameter 1 to be resource, null given in /var/www/olifant/backend/app/http/external.php on line 190
[04-Nov-2015 10:54:55 UTC] PHP Warning: http_build_query(): Parameter 1 expected to be Array or Object.  Incorrect value given in /var/www/olifant/backend/app/http/external.php on line 56
[04-Nov-2015 10:54:55 UTC] PHP Notice: Undefined offset: 1 in /var/www/olifant/backend/app/http/external.php on line 60
[04-Nov-2015 10:54:55 UTC] PHP Warning: fclose() expects parameter 1 to be resource, null given in /var/www/olifant/backend/app/http/external.php on line 193
[04-Nov-2015 10:58:24 UTC] PHP Warning: fclose() expects parameter 1 to be resource, null given in /var/www/olifant/backend/app/http/external.php on line 196
[04-Nov-2015 14:51:51 UTC] PHP Warning: strlen() expects parameter 1 to be string, array given in /var/www/olifant/backend/app/http/external.php on line 94
[04-Nov-2015 14:51:51 UTC] PHP Warning: Cannot modify header information - headers already sent by (output started at /var/www/olifant/backend/app/kernel/errorhandler.php:193) in /var/www/olifant/backend/app/http/response.php on line 75
[04-Nov-2015 14:52:34 UTC] PHP Warning: strlen() expects parameter 1 to be string, array given in /var/www/olifant/backend/app/http/external.php on line 96
[04-Nov-2015 14:52:34 UTC] PHP Warning: Cannot modify header information - headers already sent by (output started at /var/www/olifant/backend/app/kernel/errorhandler.php:193) in /var/www/olifant/backend/app/http/response.php on line 75
[04-Nov-2015 16:07:59 UTC] PHP Notice: Undefined index: CONTENT_LENGTH in /var/www/olifant/backend/app/http/requestbuilder.php on line 56
[04-Nov-2015 16:07:59 UTC] PHP Warning: Cannot modify header information - headers already sent by (output started at /var/www/olifant/backend/app/kernel/errorhandler.php:193) in /var/www/olifant/backend/app/http/response.php on line 75
[04-Nov-2015 16:08:32 UTC] PHP Notice: Undefined index: CONTENT_LENGTH in /var/www/olifant/backend/app/http/requestbuilder.php on line 56
[04-Nov-2015 16:08:32 UTC] PHP Warning: Cannot modify header information - headers already sent by (output started at /var/www/olifant/backend/app/kernel/errorhandler.php:193) in /var/www/olifant/backend/app/http/response.php on line 75
[04-Nov-2015 16:09:21 UTC] PHP Notice: Undefined index: CONTENT_LENGTH in /var/www/olifant/backend/app/http/requestbuilder.php on line 56
[04-Nov-2015 16:09:21 UTC] PHP Warning: Cannot modify header information - headers already sent by (output started at /var/www/olifant/backend/app/kernel/errorhandler.php:193) in /var/www/olifant/backend/app/http/response.php on line 75
[04-Nov-2015 16:57:44 UTC] PHP Exception
olifant\exceptions\AppException: [0]: Can' access file /var/www/olifant/frontend/favicons.ico
